{"C:\\Users\\AngryDev\\Desktop\\tests\\PW_1\\src\\checkParam.js": {"path":"C:\\Users\\AngryDev\\Desktop\\tests\\PW_1\\src\\checkParam.js","statementMap":{"0":{"start":{"line":2,"column":16},"end":{"line":2,"column":20}},"1":{"start":{"line":3,"column":15},"end":{"line":3,"column":20}},"2":{"start":{"line":4,"column":20},"end":{"line":4,"column":25}},"3":{"start":{"line":6,"column":4},"end":{"line":8,"column":5}},"4":{"start":{"line":7,"column":8},"end":{"line":7,"column":43}},"5":{"start":{"line":11,"column":4},"end":{"line":20,"column":5}},"6":{"start":{"line":12,"column":8},"end":{"line":17,"column":9}},"7":{"start":{"line":12,"column":21},"end":{"line":12,"column":22}},"8":{"start":{"line":13,"column":12},"end":{"line":16,"column":13}},"9":{"start":{"line":14,"column":16},"end":{"line":14,"column":30}},"10":{"start":{"line":15,"column":16},"end":{"line":15,"column":22}},"11":{"start":{"line":19,"column":8},"end":{"line":19,"column":22}},"12":{"start":{"line":23,"column":4},"end":{"line":25,"column":5}},"13":{"start":{"line":24,"column":8},"end":{"line":24,"column":20}},"14":{"start":{"line":28,"column":4},"end":{"line":30,"column":5}},"15":{"start":{"line":29,"column":8},"end":{"line":29,"column":25}},"16":{"start":{"line":32,"column":4},"end":{"line":32,"column":36}},"17":{"start":{"line":35,"column":0},"end":{"line":35,"column":28}}},"fnMap":{"0":{"name":"checkParam","decl":{"start":{"line":1,"column":9},"end":{"line":1,"column":19}},"loc":{"start":{"line":1,"column":28},"end":{"line":33,"column":1}},"line":1}},"branchMap":{"0":{"loc":{"start":{"line":6,"column":4},"end":{"line":8,"column":5}},"type":"if","locations":[{"start":{"line":6,"column":4},"end":{"line":8,"column":5}},{"start":{},"end":{}}],"line":6},"1":{"loc":{"start":{"line":6,"column":7},"end":{"line":6,"column":47}},"type":"binary-expr","locations":[{"start":{"line":6,"column":7},"end":{"line":6,"column":31}},{"start":{"line":6,"column":35},"end":{"line":6,"column":47}}],"line":6},"2":{"loc":{"start":{"line":11,"column":4},"end":{"line":20,"column":5}},"type":"if","locations":[{"start":{"line":11,"column":4},"end":{"line":20,"column":5}},{"start":{"line":18,"column":11},"end":{"line":20,"column":5}}],"line":11},"3":{"loc":{"start":{"line":13,"column":12},"end":{"line":16,"column":13}},"type":"if","locations":[{"start":{"line":13,"column":12},"end":{"line":16,"column":13}},{"start":{},"end":{}}],"line":13},"4":{"loc":{"start":{"line":23,"column":4},"end":{"line":25,"column":5}},"type":"if","locations":[{"start":{"line":23,"column":4},"end":{"line":25,"column":5}},{"start":{},"end":{}}],"line":23},"5":{"loc":{"start":{"line":28,"column":4},"end":{"line":30,"column":5}},"type":"if","locations":[{"start":{"line":28,"column":4},"end":{"line":30,"column":5}},{"start":{},"end":{}}],"line":28}},"s":{"0":8,"1":8,"2":8,"3":8,"4":1,"5":7,"6":3,"7":3,"8":3,"9":2,"10":2,"11":4,"12":7,"13":5,"14":7,"15":3,"16":7,"17":1},"f":{"0":8},"b":{"0":[1,7],"1":[8,2],"2":[3,4],"3":[2,1],"4":[5,2],"5":[3,4]},"_coverageSchema":"1a1c01bbd47fc00a2c39e90264f33305004495a9","hash":"46bc7e3abbd61f2269b401598a89bdc2cb9e5365"}
,"C:\\Users\\AngryDev\\Desktop\\tests\\PW_1\\src\\isPalindrome.js": {"path":"C:\\Users\\AngryDev\\Desktop\\tests\\PW_1\\src\\isPalindrome.js","statementMap":{"0":{"start":{"line":2,"column":4},"end":{"line":6,"column":5}},"1":{"start":{"line":3,"column":8},"end":{"line":3,"column":43}},"2":{"start":{"line":4,"column":11},"end":{"line":6,"column":5}},"3":{"start":{"line":5,"column":8},"end":{"line":5,"column":67}},"4":{"start":{"line":9,"column":4},"end":{"line":9,"column":34}},"5":{"start":{"line":12,"column":17},"end":{"line":12,"column":49}},"6":{"start":{"line":13,"column":23},"end":{"line":13,"column":27}},"7":{"start":{"line":15,"column":4},"end":{"line":19,"column":5}},"8":{"start":{"line":15,"column":17},"end":{"line":15,"column":18}},"9":{"start":{"line":16,"column":8},"end":{"line":18,"column":9}},"10":{"start":{"line":17,"column":12},"end":{"line":17,"column":33}},"11":{"start":{"line":21,"column":4},"end":{"line":21,"column":24}},"12":{"start":{"line":24,"column":0},"end":{"line":24,"column":30}}},"fnMap":{"0":{"name":"isPalindrome","decl":{"start":{"line":1,"column":9},"end":{"line":1,"column":21}},"loc":{"start":{"line":1,"column":27},"end":{"line":22,"column":1}},"line":1}},"branchMap":{"0":{"loc":{"start":{"line":2,"column":4},"end":{"line":6,"column":5}},"type":"if","locations":[{"start":{"line":2,"column":4},"end":{"line":6,"column":5}},{"start":{"line":4,"column":11},"end":{"line":6,"column":5}}],"line":2},"1":{"loc":{"start":{"line":4,"column":11},"end":{"line":6,"column":5}},"type":"if","locations":[{"start":{"line":4,"column":11},"end":{"line":6,"column":5}},{"start":{},"end":{}}],"line":4},"2":{"loc":{"start":{"line":16,"column":8},"end":{"line":18,"column":9}},"type":"if","locations":[{"start":{"line":16,"column":8},"end":{"line":18,"column":9}},{"start":{},"end":{}}],"line":16}},"s":{"0":6,"1":1,"2":5,"3":1,"4":4,"5":4,"6":4,"7":4,"8":4,"9":18,"10":4,"11":4,"12":1},"f":{"0":6},"b":{"0":[1,5],"1":[1,4],"2":[4,14]},"_coverageSchema":"1a1c01bbd47fc00a2c39e90264f33305004495a9","hash":"7fc26bc961a5b5cc0af367bc1fd63f1699b32659"}
,"C:\\Users\\AngryDev\\Desktop\\tests\\PW_1\\src\\isPasswordValid.js": {"path":"C:\\Users\\AngryDev\\Desktop\\tests\\PW_1\\src\\isPasswordValid.js","statementMap":{"0":{"start":{"line":3,"column":18},"end":{"line":3,"column":53}},"1":{"start":{"line":5,"column":4},"end":{"line":9,"column":5}},"2":{"start":{"line":6,"column":8},"end":{"line":6,"column":38}},"3":{"start":{"line":7,"column":11},"end":{"line":9,"column":5}},"4":{"start":{"line":8,"column":8},"end":{"line":8,"column":38}},"5":{"start":{"line":12,"column":4},"end":{"line":14,"column":5}},"6":{"start":{"line":13,"column":8},"end":{"line":13,"column":25}},"7":{"start":{"line":16,"column":20},"end":{"line":16,"column":25}},"8":{"start":{"line":18,"column":4},"end":{"line":24,"column":5}},"9":{"start":{"line":18,"column":17},"end":{"line":18,"column":18}},"10":{"start":{"line":19,"column":8},"end":{"line":23,"column":9}},"11":{"start":{"line":20,"column":12},"end":{"line":20,"column":29}},"12":{"start":{"line":21,"column":15},"end":{"line":23,"column":9}},"13":{"start":{"line":22,"column":12},"end":{"line":22,"column":29}},"14":{"start":{"line":26,"column":4},"end":{"line":30,"column":5}},"15":{"start":{"line":27,"column":8},"end":{"line":27,"column":23}},"16":{"start":{"line":29,"column":8},"end":{"line":29,"column":25}},"17":{"start":{"line":33,"column":0},"end":{"line":33,"column":33}}},"fnMap":{"0":{"name":"isPasswordValid","decl":{"start":{"line":1,"column":9},"end":{"line":1,"column":24}},"loc":{"start":{"line":1,"column":30},"end":{"line":31,"column":1}},"line":1}},"branchMap":{"0":{"loc":{"start":{"line":5,"column":4},"end":{"line":9,"column":5}},"type":"if","locations":[{"start":{"line":5,"column":4},"end":{"line":9,"column":5}},{"start":{"line":7,"column":11},"end":{"line":9,"column":5}}],"line":5},"1":{"loc":{"start":{"line":7,"column":11},"end":{"line":9,"column":5}},"type":"if","locations":[{"start":{"line":7,"column":11},"end":{"line":9,"column":5}},{"start":{},"end":{}}],"line":7},"2":{"loc":{"start":{"line":7,"column":14},"end":{"line":7,"column":47}},"type":"binary-expr","locations":[{"start":{"line":7,"column":14},"end":{"line":7,"column":28}},{"start":{"line":7,"column":32},"end":{"line":7,"column":47}}],"line":7},"3":{"loc":{"start":{"line":12,"column":4},"end":{"line":14,"column":5}},"type":"if","locations":[{"start":{"line":12,"column":4},"end":{"line":14,"column":5}},{"start":{},"end":{}}],"line":12},"4":{"loc":{"start":{"line":12,"column":9},"end":{"line":12,"column":53}},"type":"binary-expr","locations":[{"start":{"line":12,"column":9},"end":{"line":12,"column":29}},{"start":{"line":12,"column":33},"end":{"line":12,"column":53}}],"line":12},"5":{"loc":{"start":{"line":19,"column":8},"end":{"line":23,"column":9}},"type":"if","locations":[{"start":{"line":19,"column":8},"end":{"line":23,"column":9}},{"start":{"line":21,"column":15},"end":{"line":23,"column":9}}],"line":19},"6":{"loc":{"start":{"line":21,"column":15},"end":{"line":23,"column":9}},"type":"if","locations":[{"start":{"line":21,"column":15},"end":{"line":23,"column":9}},{"start":{},"end":{}}],"line":21},"7":{"loc":{"start":{"line":26,"column":4},"end":{"line":30,"column":5}},"type":"if","locations":[{"start":{"line":26,"column":4},"end":{"line":30,"column":5}},{"start":{"line":28,"column":11},"end":{"line":30,"column":5}}],"line":26}},"s":{"0":11,"1":11,"2":1,"3":10,"4":1,"5":9,"6":4,"7":5,"8":5,"9":5,"10":50,"11":1,"12":49,"13":2,"14":4,"15":2,"16":2,"17":1},"f":{"0":11},"b":{"0":[1,10],"1":[1,9],"2":[10,9],"3":[4,5],"4":[9,7],"5":[1,49],"6":[2,47],"7":[2,2]},"_coverageSchema":"1a1c01bbd47fc00a2c39e90264f33305004495a9","hash":"06a79e29c6d93cf843a0ab2482da977afd464833"}
,"C:\\Users\\AngryDev\\Desktop\\tests\\PW_1\\src\\sumArguments.js": {"path":"C:\\Users\\AngryDev\\Desktop\\tests\\PW_1\\src\\sumArguments.js","statementMap":{"0":{"start":{"line":2,"column":4},"end":{"line":4,"column":5}},"1":{"start":{"line":3,"column":8},"end":{"line":3,"column":49}},"2":{"start":{"line":6,"column":4},"end":{"line":8,"column":5}},"3":{"start":{"line":7,"column":8},"end":{"line":7,"column":65}},"4":{"start":{"line":10,"column":4},"end":{"line":12,"column":5}},"5":{"start":{"line":11,"column":8},"end":{"line":11,"column":26}},"6":{"start":{"line":14,"column":4},"end":{"line":14,"column":33}},"7":{"start":{"line":15,"column":4},"end":{"line":15,"column":24}},"8":{"start":{"line":18,"column":0},"end":{"line":18,"column":30}}},"fnMap":{"0":{"name":"sumArguments","decl":{"start":{"line":1,"column":9},"end":{"line":1,"column":21}},"loc":{"start":{"line":1,"column":35},"end":{"line":16,"column":1}},"line":1}},"branchMap":{"0":{"loc":{"start":{"line":2,"column":4},"end":{"line":4,"column":5}},"type":"if","locations":[{"start":{"line":2,"column":4},"end":{"line":4,"column":5}},{"start":{},"end":{}}],"line":2},"1":{"loc":{"start":{"line":6,"column":4},"end":{"line":8,"column":5}},"type":"if","locations":[{"start":{"line":6,"column":4},"end":{"line":8,"column":5}},{"start":{},"end":{}}],"line":6},"2":{"loc":{"start":{"line":6,"column":8},"end":{"line":6,"column":56}},"type":"binary-expr","locations":[{"start":{"line":6,"column":8},"end":{"line":6,"column":29}},{"start":{"line":6,"column":33},"end":{"line":6,"column":56}}],"line":6},"3":{"loc":{"start":{"line":10,"column":4},"end":{"line":12,"column":5}},"type":"if","locations":[{"start":{"line":10,"column":4},"end":{"line":12,"column":5}},{"start":{},"end":{}}],"line":10},"4":{"loc":{"start":{"line":10,"column":8},"end":{"line":10,"column":65}},"type":"binary-expr","locations":[{"start":{"line":10,"column":8},"end":{"line":10,"column":24}},{"start":{"line":10,"column":28},"end":{"line":10,"column":44}},{"start":{"line":10,"column":48},"end":{"line":10,"column":65}}],"line":10}},"s":{"0":8,"1":1,"2":7,"3":2,"4":5,"5":4,"6":5,"7":5,"8":1},"f":{"0":8},"b":{"0":[1,7],"1":[2,5],"2":[7,6],"3":[4,1],"4":[5,4,4]},"_coverageSchema":"1a1c01bbd47fc00a2c39e90264f33305004495a9","hash":"2fcf40c7d28e0814c163caf6eeea70acbe1cdabb"}
}
