TN:
SF:src\checkParam.js
FN:1,checkParam
FNF:1
FNH:1
FNDA:8,checkParam
DA:2,8
DA:3,8
DA:4,8
DA:6,8
DA:7,1
DA:11,7
DA:12,3
DA:13,3
DA:14,2
DA:15,2
DA:19,4
DA:23,7
DA:24,5
DA:28,7
DA:29,3
DA:32,7
DA:35,1
LF:17
LH:17
BRDA:6,0,0,1
BRDA:6,0,1,7
BRDA:6,1,0,8
BRDA:6,1,1,2
BRDA:11,2,0,3
BRDA:11,2,1,4
BRDA:13,3,0,2
BRDA:13,3,1,1
BRDA:23,4,0,5
BRDA:23,4,1,2
BRDA:28,5,0,3
BRDA:28,5,1,4
BRF:12
BRH:12
end_of_record
TN:
SF:src\isPalindrome.js
FN:1,isPalindrome
FNF:1
FNH:1
FNDA:6,isPalindrome
DA:2,6
DA:3,1
DA:4,5
DA:5,1
DA:9,4
DA:12,4
DA:13,4
DA:15,4
DA:16,18
DA:17,4
DA:21,4
DA:24,1
LF:12
LH:12
BRDA:2,0,0,1
BRDA:2,0,1,5
BRDA:4,1,0,1
BRDA:4,1,1,4
BRDA:16,2,0,4
BRDA:16,2,1,14
BRF:6
BRH:6
end_of_record
TN:
SF:src\isPasswordValid.js
FN:1,isPasswordValid
FNF:1
FNH:1
FNDA:11,isPasswordValid
DA:3,11
DA:5,11
DA:6,1
DA:7,10
DA:8,1
DA:12,9
DA:13,4
DA:16,5
DA:18,5
DA:19,50
DA:20,1
DA:21,49
DA:22,2
DA:26,4
DA:27,2
DA:29,2
DA:33,1
LF:17
LH:17
BRDA:5,0,0,1
BRDA:5,0,1,10
BRDA:7,1,0,1
BRDA:7,1,1,9
BRDA:7,2,0,10
BRDA:7,2,1,9
BRDA:12,3,0,4
BRDA:12,3,1,5
BRDA:12,4,0,9
BRDA:12,4,1,7
BRDA:19,5,0,1
BRDA:19,5,1,49
BRDA:21,6,0,2
BRDA:21,6,1,47
BRDA:26,7,0,2
BRDA:26,7,1,2
BRF:16
BRH:16
end_of_record
TN:
SF:src\sumArguments.js
FN:1,sumArguments
FNF:1
FNH:1
FNDA:8,sumArguments
DA:2,8
DA:3,1
DA:6,7
DA:7,2
DA:10,5
DA:11,4
DA:14,5
DA:15,5
DA:18,1
LF:9
LH:9
BRDA:2,0,0,1
BRDA:2,0,1,7
BRDA:6,1,0,2
BRDA:6,1,1,5
BRDA:6,2,0,7
BRDA:6,2,1,6
BRDA:10,3,0,4
BRDA:10,3,1,1
BRDA:10,4,0,5
BRDA:10,4,1,4
BRDA:10,4,2,4
BRF:11
BRH:11
end_of_record
