{"C:\\Users\\AngryDev\\Desktop\\tests\\PW_2\\jest.config.js": {"path":"C:\\Users\\AngryDev\\Desktop\\tests\\PW_2\\jest.config.js","statementMap":{"0":{"start":{"line":6,"column":0},"end":{"line":194,"column":2}}},"fnMap":{},"branchMap":{},"s":{"0":1},"f":{},"b":{},"_coverageSchema":"1a1c01bbd47fc00a2c39e90264f33305004495a9","hash":"b68c80c8fede6086d12e7cd7835af6674ed89ddd"}
,"C:\\Users\\AngryDev\\Desktop\\tests\\PW_2\\src\\isAnagram.js": {"path":"C:\\Users\\AngryDev\\Desktop\\tests\\PW_2\\src\\isAnagram.js","statementMap":{"0":{"start":{"line":2,"column":4},"end":{"line":6,"column":5}},"1":{"start":{"line":3,"column":8},"end":{"line":3,"column":44}},"2":{"start":{"line":4,"column":11},"end":{"line":6,"column":5}},"3":{"start":{"line":5,"column":8},"end":{"line":5,"column":68}},"4":{"start":{"line":8,"column":4},"end":{"line":8,"column":30}},"5":{"start":{"line":9,"column":4},"end":{"line":9,"column":30}},"6":{"start":{"line":11,"column":4},"end":{"line":11,"column":53}},"7":{"start":{"line":12,"column":4},"end":{"line":12,"column":53}},"8":{"start":{"line":14,"column":4},"end":{"line":16,"column":5}},"9":{"start":{"line":15,"column":8},"end":{"line":15,"column":21}},"10":{"start":{"line":18,"column":4},"end":{"line":18,"column":32}},"11":{"start":{"line":19,"column":4},"end":{"line":19,"column":32}},"12":{"start":{"line":21,"column":4},"end":{"line":21,"column":25}},"13":{"start":{"line":24,"column":0},"end":{"line":24,"column":27}}},"fnMap":{"0":{"name":"isAnagram","decl":{"start":{"line":1,"column":9},"end":{"line":1,"column":18}},"loc":{"start":{"line":1,"column":31},"end":{"line":22,"column":1}},"line":1}},"branchMap":{"0":{"loc":{"start":{"line":2,"column":4},"end":{"line":6,"column":5}},"type":"if","locations":[{"start":{"line":2,"column":4},"end":{"line":6,"column":5}},{"start":{"line":4,"column":11},"end":{"line":6,"column":5}}],"line":2},"1":{"loc":{"start":{"line":2,"column":8},"end":{"line":2,"column":60}},"type":"binary-expr","locations":[{"start":{"line":2,"column":8},"end":{"line":2,"column":32}},{"start":{"line":2,"column":36},"end":{"line":2,"column":60}}],"line":2},"2":{"loc":{"start":{"line":4,"column":11},"end":{"line":6,"column":5}},"type":"if","locations":[{"start":{"line":4,"column":11},"end":{"line":6,"column":5}},{"start":{},"end":{}}],"line":4},"3":{"loc":{"start":{"line":4,"column":15},"end":{"line":4,"column":49}},"type":"binary-expr","locations":[{"start":{"line":4,"column":15},"end":{"line":4,"column":30}},{"start":{"line":4,"column":34},"end":{"line":4,"column":49}}],"line":4},"4":{"loc":{"start":{"line":14,"column":4},"end":{"line":16,"column":5}},"type":"if","locations":[{"start":{"line":14,"column":4},"end":{"line":16,"column":5}},{"start":{},"end":{}}],"line":14}},"s":{"0":6,"1":2,"2":4,"3":1,"4":3,"5":3,"6":3,"7":3,"8":3,"9":1,"10":2,"11":2,"12":2,"13":1},"f":{"0":6},"b":{"0":[2,4],"1":[6,4],"2":[1,3],"3":[4,3],"4":[1,2]},"_coverageSchema":"1a1c01bbd47fc00a2c39e90264f33305004495a9","hash":"242421b796cbb677d496fd9086a054138d22c64f"}
,"C:\\Users\\AngryDev\\Desktop\\tests\\PW_2\\src\\logNumbers.js": {"path":"C:\\Users\\AngryDev\\Desktop\\tests\\PW_2\\src\\logNumbers.js","statementMap":{"0":{"start":{"line":2,"column":4},"end":{"line":4,"column":5}},"1":{"start":{"line":3,"column":8},"end":{"line":3,"column":43}},"2":{"start":{"line":7,"column":4},"end":{"line":9,"column":5}},"3":{"start":{"line":8,"column":8},"end":{"line":8,"column":53}},"4":{"start":{"line":11,"column":4},"end":{"line":21,"column":5}},"5":{"start":{"line":11,"column":17},"end":{"line":11,"column":18}},"6":{"start":{"line":12,"column":8},"end":{"line":20,"column":9}},"7":{"start":{"line":13,"column":12},"end":{"line":13,"column":37}},"8":{"start":{"line":14,"column":15},"end":{"line":20,"column":9}},"9":{"start":{"line":15,"column":12},"end":{"line":15,"column":33}},"10":{"start":{"line":16,"column":15},"end":{"line":20,"column":9}},"11":{"start":{"line":17,"column":12},"end":{"line":17,"column":32}},"12":{"start":{"line":19,"column":12},"end":{"line":19,"column":27}},"13":{"start":{"line":24,"column":0},"end":{"line":24,"column":28}}},"fnMap":{"0":{"name":"logNumbers","decl":{"start":{"line":1,"column":9},"end":{"line":1,"column":19}},"loc":{"start":{"line":1,"column":25},"end":{"line":22,"column":1}},"line":1}},"branchMap":{"0":{"loc":{"start":{"line":2,"column":4},"end":{"line":4,"column":5}},"type":"if","locations":[{"start":{"line":2,"column":4},"end":{"line":4,"column":5}},{"start":{},"end":{}}],"line":2},"1":{"loc":{"start":{"line":7,"column":4},"end":{"line":9,"column":5}},"type":"if","locations":[{"start":{"line":7,"column":4},"end":{"line":9,"column":5}},{"start":{},"end":{}}],"line":7},"2":{"loc":{"start":{"line":7,"column":8},"end":{"line":7,"column":43}},"type":"binary-expr","locations":[{"start":{"line":7,"column":8},"end":{"line":7,"column":31}},{"start":{"line":7,"column":35},"end":{"line":7,"column":43}}],"line":7},"3":{"loc":{"start":{"line":12,"column":8},"end":{"line":20,"column":9}},"type":"if","locations":[{"start":{"line":12,"column":8},"end":{"line":20,"column":9}},{"start":{"line":14,"column":15},"end":{"line":20,"column":9}}],"line":12},"4":{"loc":{"start":{"line":12,"column":12},"end":{"line":12,"column":38}},"type":"binary-expr","locations":[{"start":{"line":12,"column":12},"end":{"line":12,"column":23}},{"start":{"line":12,"column":27},"end":{"line":12,"column":38}}],"line":12},"5":{"loc":{"start":{"line":14,"column":15},"end":{"line":20,"column":9}},"type":"if","locations":[{"start":{"line":14,"column":15},"end":{"line":20,"column":9}},{"start":{"line":16,"column":15},"end":{"line":20,"column":9}}],"line":14},"6":{"loc":{"start":{"line":16,"column":15},"end":{"line":20,"column":9}},"type":"if","locations":[{"start":{"line":16,"column":15},"end":{"line":20,"column":9}},{"start":{"line":18,"column":15},"end":{"line":20,"column":9}}],"line":16}},"s":{"0":9,"1":1,"2":8,"3":1,"4":7,"5":7,"6":45,"7":1,"8":44,"9":12,"10":32,"11":6,"12":26,"13":1},"f":{"0":9},"b":{"0":[1,8],"1":[1,7],"2":[8,8],"3":[1,44],"4":[45,13],"5":[12,32],"6":[6,26]},"_coverageSchema":"1a1c01bbd47fc00a2c39e90264f33305004495a9","hash":"c041edd1ab69a27de0b817bf2141b490c652b8aa"}
,"C:\\Users\\AngryDev\\Desktop\\tests\\PW_2\\src\\outOfCycle.js": {"path":"C:\\Users\\AngryDev\\Desktop\\tests\\PW_2\\src\\outOfCycle.js","statementMap":{"0":{"start":{"line":2,"column":4},"end":{"line":9,"column":5}},"1":{"start":{"line":2,"column":17},"end":{"line":2,"column":18}},"2":{"start":{"line":3,"column":8},"end":{"line":8,"column":9}},"3":{"start":{"line":3,"column":21},"end":{"line":3,"column":22}},"4":{"start":{"line":4,"column":12},"end":{"line":6,"column":13}},"5":{"start":{"line":5,"column":16},"end":{"line":5,"column":22}},"6":{"start":{"line":7,"column":12},"end":{"line":7,"column":30}},"7":{"start":{"line":12,"column":0},"end":{"line":12,"column":28}}},"fnMap":{"0":{"name":"outOfCycle","decl":{"start":{"line":1,"column":9},"end":{"line":1,"column":19}},"loc":{"start":{"line":1,"column":22},"end":{"line":10,"column":1}},"line":1}},"branchMap":{"0":{"loc":{"start":{"line":4,"column":12},"end":{"line":6,"column":13}},"type":"if","locations":[{"start":{"line":4,"column":12},"end":{"line":6,"column":13}},{"start":{},"end":{}}],"line":4},"1":{"loc":{"start":{"line":4,"column":16},"end":{"line":4,"column":36}},"type":"binary-expr","locations":[{"start":{"line":4,"column":16},"end":{"line":4,"column":24}},{"start":{"line":4,"column":28},"end":{"line":4,"column":36}}],"line":4}},"s":{"0":1,"1":1,"2":16,"3":16,"4":316,"5":1,"6":315,"7":1},"f":{"0":1},"b":{"0":[1,315],"1":[316,16]},"_coverageSchema":"1a1c01bbd47fc00a2c39e90264f33305004495a9","hash":"679f94c4994227be0757f1f5c80105a6979a09cd"}
}
