TN:
SF:jest.config.js
FNF:0
FNH:0
DA:6,1
LF:1
LH:1
BRF:0
BRH:0
end_of_record
TN:
SF:src\isAnagram.js
FN:1,isAnagram
FNF:1
FNH:1
FNDA:6,isAnagram
DA:2,6
DA:3,2
DA:4,4
DA:5,1
DA:8,3
DA:9,3
DA:11,3
DA:12,3
DA:14,3
DA:15,1
DA:18,2
DA:19,2
DA:21,2
DA:24,1
LF:14
LH:14
BRDA:2,0,0,2
BRDA:2,0,1,4
BRDA:2,1,0,6
BRDA:2,1,1,4
BRDA:4,2,0,1
BRDA:4,2,1,3
BRDA:4,3,0,4
BRDA:4,3,1,3
BRDA:14,4,0,1
BRDA:14,4,1,2
BRF:10
BRH:10
end_of_record
TN:
SF:src\logNumbers.js
FN:1,logNumbers
FNF:1
FNH:1
FNDA:9,logNumbers
DA:2,9
DA:3,1
DA:7,8
DA:8,1
DA:11,7
DA:12,45
DA:13,1
DA:14,44
DA:15,12
DA:16,32
DA:17,6
DA:19,26
DA:24,1
LF:13
LH:13
BRDA:2,0,0,1
BRDA:2,0,1,8
BRDA:7,1,0,1
BRDA:7,1,1,7
BRDA:7,2,0,8
BRDA:7,2,1,8
BRDA:12,3,0,1
BRDA:12,3,1,44
BRDA:12,4,0,45
BRDA:12,4,1,13
BRDA:14,5,0,12
BRDA:14,5,1,32
BRDA:16,6,0,6
BRDA:16,6,1,26
BRF:14
BRH:14
end_of_record
TN:
SF:src\outOfCycle.js
FN:1,outOfCycle
FNF:1
FNH:1
FNDA:1,outOfCycle
DA:2,1
DA:3,16
DA:4,316
DA:5,1
DA:7,315
DA:12,1
LF:6
LH:6
BRDA:4,0,0,1
BRDA:4,0,1,315
BRDA:4,1,0,316
BRDA:4,1,1,16
BRF:4
BRH:4
end_of_record
